[debug] [2022-03-04T14:55:06.246Z] ----------------------------------------------------------------------
[debug] [2022-03-04T14:55:06.248Z] Command:       C:\Program Files\nodejs\node.exe C:\Users\rodri\AppData\Roaming\npm\node_modules\firebase-tools\lib\bin\firebase.js emulators:start --only functions
[debug] [2022-03-04T14:55:06.248Z] CLI Version:   10.2.2
[debug] [2022-03-04T14:55:06.248Z] Platform:      win32
[debug] [2022-03-04T14:55:06.248Z] Node Version:  v14.17.6
[debug] [2022-03-04T14:55:06.249Z] Time:          Fri Mar 04 2022 20:25:06 GMT+0530 (India Standard Time)
[debug] [2022-03-04T14:55:06.249Z] ----------------------------------------------------------------------
[debug] 
[debug] [2022-03-04T14:55:06.306Z] > command requires scopes: ["email","openid","https://www.googleapis.com/auth/cloudplatformprojects.readonly","https://www.googleapis.com/auth/firebase","https://www.googleapis.com/auth/cloud-platform"]
[debug] [2022-03-04T14:55:06.307Z] > authorizing via signed-in user (rodriguescarson@gmail.com)
[info] i  emulators: Starting emulators: functions {"metadata":{"emulator":{"name":"hub"},"message":"Starting emulators: functions"}}
[debug] [2022-03-04T14:55:06.334Z] [hub] writing locator at C:\Users\rodri\AppData\Local\Temp\hub-mealstogo-bbcf1.json
[warn] !  functions: The following emulators are not running, calls to these services from the Functions emulator will affect production: auth, firestore, database, hosting, pubsub, storage {"metadata":{"emulator":{"name":"functions"},"message":"The following emulators are not running, calls to these services from the Functions emulator will affect production: \u001b[1mauth, firestore, database, hosting, pubsub, storage\u001b[22m"}}
[info] +  functions: Using node@14 from host. {"metadata":{"emulator":{"name":"functions"},"message":"Using node@14 from host."}}
[debug] [2022-03-04T14:55:06.842Z] defaultcredentials: writing to file C:\Users\rodri\AppData\Roaming\firebase\rodriguescarson_gmail_com_application_default_credentials.json
[debug] [2022-03-04T14:55:06.844Z] Setting GAC to C:\Users\rodri\AppData\Roaming\firebase\rodriguescarson_gmail_com_application_default_credentials.json {"metadata":{"emulator":{"name":"functions"},"message":"Setting GAC to C:\\Users\\rodri\\AppData\\Roaming\\firebase\\rodriguescarson_gmail_com_application_default_credentials.json"}}
[debug] [2022-03-04T14:55:06.846Z] >>> [apiv2][query] GET https://firebase.googleapis.com/v1beta1/projects/mealstogo-bbcf1/adminSdkConfig [none]
[debug] [2022-03-04T14:55:07.973Z] <<< [apiv2][status] GET https://firebase.googleapis.com/v1beta1/projects/mealstogo-bbcf1/adminSdkConfig 200
[debug] [2022-03-04T14:55:07.973Z] <<< [apiv2][body] GET https://firebase.googleapis.com/v1beta1/projects/mealstogo-bbcf1/adminSdkConfig {"projectId":"mealstogo-bbcf1","storageBucket":"mealstogo-bbcf1.appspot.com","locationId":"asia-south1"}
[info] i  ui: downloading ui-v1.6.5.zip... {"metadata":{"emulator":{"name":"ui"},"message":"downloading ui-v1.6.5.zip..."}}
[debug] [2022-03-04T14:55:07.994Z] >>> [apiv2][query] GET https://storage.googleapis.com/firebase-preview-drop/emulator/ui-v1.6.5.zip 
[debug] [2022-03-04T14:55:08.785Z] <<< [apiv2][status] GET https://storage.googleapis.com/firebase-preview-drop/emulator/ui-v1.6.5.zip 200
[debug] [2022-03-04T14:55:08.785Z] <<< [apiv2][body] GET https://storage.googleapis.com/firebase-preview-drop/emulator/ui-v1.6.5.zip [stream]
[debug] [2022-03-04T14:55:10.503Z] Ignoring unsupported arg: auto_download {"metadata":{"emulator":{"name":"ui"},"message":"Ignoring unsupported arg: auto_download"}}
[debug] [2022-03-04T14:55:10.503Z] Ignoring unsupported arg: port {"metadata":{"emulator":{"name":"ui"},"message":"Ignoring unsupported arg: port"}}
[debug] [2022-03-04T14:55:10.503Z] Starting Emulator UI with command {"binary":"node","args":["C:\\Users\\rodri\\.cache\\firebase\\emulators\\ui-v1.6.5\\server.bundle.js"],"optionalArgs":[],"joinArgs":false} {"metadata":{"emulator":{"name":"ui"},"message":"Starting Emulator UI with command {\"binary\":\"node\",\"args\":[\"C:\\\\Users\\\\rodri\\\\.cache\\\\firebase\\\\emulators\\\\ui-v1.6.5\\\\server.bundle.js\"],\"optionalArgs\":[],\"joinArgs\":false}"}}
[info] i  ui: Emulator UI logging to ui-debug.log {"metadata":{"emulator":{"name":"ui"},"message":"Emulator UI logging to \u001b[1mui-debug.log\u001b[22m"}}
[debug] [2022-03-04T14:55:10.613Z] Web / API server started at localhost:4000
 {"metadata":{"emulator":{"name":"ui"},"message":"Web / API server started at localhost:4000\n"}}
[info] i  functions: Watching "C:\Users\rodri\mealstogo dev\MealsToGo\functions" for Cloud Functions... {"metadata":{"emulator":{"name":"functions"},"message":"Watching \"C:\\Users\\rodri\\mealstogo dev\\MealsToGo\\functions\" for Cloud Functions..."}}
[debug] [2022-03-04T14:55:10.782Z] Validating nodejs source
[debug] [2022-03-04T14:55:13.239Z] > [functions] package.json contents: {
  "name": "functions",
  "description": "Cloud Functions for Firebase",
  "scripts": {
    "serve": "npx firebase emulators:start --only functions",
    "shell": "npx firebase functions:shell",
    "start": "npm run shell",
    "deploy": "firebase deploy --only functions",
    "logs": "firebase functions:log"
  },
  "engines": {
    "node": "14"
  },
  "main": "index.js",
  "dependencies": {
    "firebase-admin": "^10.0.2",
    "firebase-functions": "^3.18.0"
  },
  "devDependencies": {
    "firebase-functions-test": "^0.2.0"
  },
  "private": true
}
[debug] [2022-03-04T14:55:13.239Z] Building nodejs source
[debug] [2022-03-04T14:55:13.239Z] Analyzing nodejs backend spec
[info] 
┌─────────────────────────────────────────────────────────────┐
│ ✔  All emulators ready! It is now safe to connect your app. │
│ i  View Emulator UI at http://localhost:4000                │
└─────────────────────────────────────────────────────────────┘

┌───────────┬────────────────┬─────────────────────────────────┐
│ Emulator  │ Host:Port      │ View in Emulator UI             │
├───────────┼────────────────┼─────────────────────────────────┤
│ Functions │ localhost:5001 │ http://localhost:4000/functions │
└───────────┴────────────────┴─────────────────────────────────┘
  Emulator Hub running at localhost:4400
  Other reserved ports: 4500

Issues? Report them at https://github.com/firebase/firebase-tools/issues and attach the *-debug.log files.
 
[debug] [2022-03-04T14:55:46.063Z] File C:\Users\rodri\mealstogo dev\MealsToGo\functions\index.js changed, reloading triggers {"metadata":{"emulator":{"name":"functions"},"message":"File C:\\Users\\rodri\\mealstogo dev\\MealsToGo\\functions\\index.js changed, reloading triggers"}}
[debug] [2022-03-04T14:55:47.080Z] Validating nodejs source
[debug] [2022-03-04T14:55:49.439Z] > [functions] package.json contents: {
  "name": "functions",
  "description": "Cloud Functions for Firebase",
  "scripts": {
    "serve": "npx firebase emulators:start --only functions",
    "shell": "npx firebase functions:shell",
    "start": "npm run shell",
    "deploy": "firebase deploy --only functions",
    "logs": "firebase functions:log"
  },
  "engines": {
    "node": "14"
  },
  "main": "index.js",
  "dependencies": {
    "firebase-admin": "^10.0.2",
    "firebase-functions": "^3.18.0"
  },
  "devDependencies": {
    "firebase-functions-test": "^0.2.0"
  },
  "private": true
}
[debug] [2022-03-04T14:55:49.439Z] Building nodejs source
[debug] [2022-03-04T14:55:49.439Z] Analyzing nodejs backend spec
[info] +  functions[us-central1-helloWorld]: http function initialized (http://localhost:5001/mealstogo-bbcf1/us-central1/helloWorld). {"metadata":{"emulator":{"name":"functions"},"message":"\u001b[1mhttp\u001b[22m function initialized (http://localhost:5001/mealstogo-bbcf1/us-central1/helloWorld)."}}
[debug] [2022-03-04T14:56:31.956Z] [work-queue] {"queueLength":1,"workRunningCount":0}
[debug] [2022-03-04T14:56:31.956Z] [work-queue] {"queueLength":0,"workRunningCount":1}
[debug] [2022-03-04T14:56:31.956Z] Accepted request GET /mealstogo-bbcf1/us-central1/helloWorld --> us-central1-helloWorld
[debug] [2022-03-04T14:56:31.963Z] [worker-pool] addWorker(us-central1-helloWorld) {"metadata":{"emulator":{"name":"functions"},"message":"[worker-pool] addWorker(us-central1-helloWorld)"}}
[debug] [2022-03-04T14:56:31.964Z] [worker-pool] Adding worker with key us-central1-helloWorld, total=1 {"metadata":{"emulator":{"name":"functions"},"message":"[worker-pool] Adding worker with key us-central1-helloWorld, total=1"}}
[debug] [2022-03-04T14:56:31.964Z] [worker-pool] submitWork(triggerId=us-central1-helloWorld) {"metadata":{"emulator":{"name":"functions"},"message":"[worker-pool] submitWork(triggerId=us-central1-helloWorld)"}}
[debug] [2022-03-04T14:56:31.964Z] [worker-us-central1-helloWorld-753a40e2-3da7-40bd-9769-0f9d597c5c56]: Assigning socketPath: \\?\pipe\C:\Users\rodri\mealstogo dev\MealsToGo\functions\18528 {"metadata":{"emulator":{"name":"functions"},"message":"[worker-us-central1-helloWorld-753a40e2-3da7-40bd-9769-0f9d597c5c56]: Assigning socketPath: \\\\?\\pipe\\C:\\Users\\rodri\\mealstogo dev\\MealsToGo\\functions\\18528"}}
[debug] [2022-03-04T14:56:31.965Z] [worker-us-central1-helloWorld-753a40e2-3da7-40bd-9769-0f9d597c5c56]: BUSY {"metadata":{"emulator":{"name":"functions"},"message":"[worker-us-central1-helloWorld-753a40e2-3da7-40bd-9769-0f9d597c5c56]: BUSY"}}
[debug] [2022-03-04T14:56:33.017Z] [runtime-status] [18528] Functions runtime initialized. {"cwd":"C:\\Users\\rodri\\mealstogo dev\\MealsToGo\\functions","node_version":"14.17.6"} {"metadata":{"emulator":{"name":"functions"},"function":{"name":"us-central1-helloWorld"},"extension":{},"message":"[runtime-status] [18528] Functions runtime initialized. {\"cwd\":\"C:\\\\Users\\\\rodri\\\\mealstogo dev\\\\MealsToGo\\\\functions\",\"node_version\":\"14.17.6\"}"}}
[debug] [2022-03-04T14:56:33.019Z] [runtime-status] [18528] Disabled runtime features: undefined {"metadata":{"emulator":{"name":"functions"},"function":{"name":"us-central1-helloWorld"},"extension":{},"message":"[runtime-status] [18528] Disabled runtime features: undefined"}}
[debug] [2022-03-04T14:56:33.021Z] [runtime-status] [18528] Resolved module firebase-admin {"declared":true,"installed":true,"version":"10.0.2","resolution":"C:\\Users\\rodri\\mealstogo dev\\MealsToGo\\functions\\node_modules\\firebase-admin\\lib\\index.js"} {"metadata":{"emulator":{"name":"functions"},"function":{"name":"us-central1-helloWorld"},"extension":{},"message":"[runtime-status] [18528] Resolved module firebase-admin {\"declared\":true,\"installed\":true,\"version\":\"10.0.2\",\"resolution\":\"C:\\\\Users\\\\rodri\\\\mealstogo dev\\\\MealsToGo\\\\functions\\\\node_modules\\\\firebase-admin\\\\lib\\\\index.js\"}"}}
[debug] [2022-03-04T14:56:33.022Z] [runtime-status] [18528] Resolved module firebase-functions {"declared":true,"installed":true,"version":"3.18.1","resolution":"C:\\Users\\rodri\\mealstogo dev\\MealsToGo\\functions\\node_modules\\firebase-functions\\lib\\index.js"} {"metadata":{"emulator":{"name":"functions"},"function":{"name":"us-central1-helloWorld"},"extension":{},"message":"[runtime-status] [18528] Resolved module firebase-functions {\"declared\":true,\"installed\":true,\"version\":\"3.18.1\",\"resolution\":\"C:\\\\Users\\\\rodri\\\\mealstogo dev\\\\MealsToGo\\\\functions\\\\node_modules\\\\firebase-functions\\\\lib\\\\index.js\"}"}}
[debug] [2022-03-04T14:56:33.023Z] [runtime-status] [18528] Outgoing network have been stubbed. [{"name":"http","status":"mocked"},{"name":"http","status":"mocked"},{"name":"https","status":"mocked"},{"name":"https","status":"mocked"},{"name":"net","status":"mocked"}] {"metadata":{"emulator":{"name":"functions"},"function":{"name":"us-central1-helloWorld"},"extension":{},"message":"[runtime-status] [18528] Outgoing network have been stubbed. [{\"name\":\"http\",\"status\":\"mocked\"},{\"name\":\"http\",\"status\":\"mocked\"},{\"name\":\"https\",\"status\":\"mocked\"},{\"name\":\"https\",\"status\":\"mocked\"},{\"name\":\"net\",\"status\":\"mocked\"}]"}}
[debug] [2022-03-04T14:56:33.024Z] [runtime-status] [18528] Resolved module firebase-functions {"declared":true,"installed":true,"version":"3.18.1","resolution":"C:\\Users\\rodri\\mealstogo dev\\MealsToGo\\functions\\node_modules\\firebase-functions\\lib\\index.js"} {"metadata":{"emulator":{"name":"functions"},"function":{"name":"us-central1-helloWorld"},"extension":{},"message":"[runtime-status] [18528] Resolved module firebase-functions {\"declared\":true,\"installed\":true,\"version\":\"3.18.1\",\"resolution\":\"C:\\\\Users\\\\rodri\\\\mealstogo dev\\\\MealsToGo\\\\functions\\\\node_modules\\\\firebase-functions\\\\lib\\\\index.js\"}"}}
[debug] [2022-03-04T14:56:33.068Z] [runtime-status] [18528] Checked functions.config() {"config":{}} {"metadata":{"emulator":{"name":"functions"},"function":{"name":"us-central1-helloWorld"},"extension":{},"message":"[runtime-status] [18528] Checked functions.config() {\"config\":{}}"}}
[debug] [2022-03-04T14:56:33.068Z] [runtime-status] [18528] firebase-functions has been stubbed. {"functionsResolution":{"declared":true,"installed":true,"version":"3.18.1","resolution":"C:\\Users\\rodri\\mealstogo dev\\MealsToGo\\functions\\node_modules\\firebase-functions\\lib\\index.js"}} {"metadata":{"emulator":{"name":"functions"},"function":{"name":"us-central1-helloWorld"},"extension":{},"message":"[runtime-status] [18528] firebase-functions has been stubbed. {\"functionsResolution\":{\"declared\":true,\"installed\":true,\"version\":\"3.18.1\",\"resolution\":\"C:\\\\Users\\\\rodri\\\\mealstogo dev\\\\MealsToGo\\\\functions\\\\node_modules\\\\firebase-functions\\\\lib\\\\index.js\"}}"}}
[debug] [2022-03-04T14:56:33.068Z] [runtime-status] [18528] Resolved module firebase-functions {"declared":true,"installed":true,"version":"3.18.1","resolution":"C:\\Users\\rodri\\mealstogo dev\\MealsToGo\\functions\\node_modules\\firebase-functions\\lib\\index.js"} {"metadata":{"emulator":{"name":"functions"},"function":{"name":"us-central1-helloWorld"},"extension":{},"message":"[runtime-status] [18528] Resolved module firebase-functions {\"declared\":true,\"installed\":true,\"version\":\"3.18.1\",\"resolution\":\"C:\\\\Users\\\\rodri\\\\mealstogo dev\\\\MealsToGo\\\\functions\\\\node_modules\\\\firebase-functions\\\\lib\\\\index.js\"}"}}
[debug] [2022-03-04T14:56:33.070Z] [runtime-status] [18528] Resolved module firebase-admin {"declared":true,"installed":true,"version":"10.0.2","resolution":"C:\\Users\\rodri\\mealstogo dev\\MealsToGo\\functions\\node_modules\\firebase-admin\\lib\\index.js"} {"metadata":{"emulator":{"name":"functions"},"function":{"name":"us-central1-helloWorld"},"extension":{},"message":"[runtime-status] [18528] Resolved module firebase-admin {\"declared\":true,\"installed\":true,\"version\":\"10.0.2\",\"resolution\":\"C:\\\\Users\\\\rodri\\\\mealstogo dev\\\\MealsToGo\\\\functions\\\\node_modules\\\\firebase-admin\\\\lib\\\\index.js\"}"}}
[debug] [2022-03-04T14:56:33.070Z] [runtime-status] [18528] Resolved module firebase-functions {"declared":true,"installed":true,"version":"3.18.1","resolution":"C:\\Users\\rodri\\mealstogo dev\\MealsToGo\\functions\\node_modules\\firebase-functions\\lib\\index.js"} {"metadata":{"emulator":{"name":"functions"},"function":{"name":"us-central1-helloWorld"},"extension":{},"message":"[runtime-status] [18528] Resolved module firebase-functions {\"declared\":true,\"installed\":true,\"version\":\"3.18.1\",\"resolution\":\"C:\\\\Users\\\\rodri\\\\mealstogo dev\\\\MealsToGo\\\\functions\\\\node_modules\\\\firebase-functions\\\\lib\\\\index.js\"}"}}
[debug] [2022-03-04T14:56:33.071Z] [runtime-status] [18528] firebase-admin has been stubbed. {"adminResolution":{"declared":true,"installed":true,"version":"10.0.2","resolution":"C:\\Users\\rodri\\mealstogo dev\\MealsToGo\\functions\\node_modules\\firebase-admin\\lib\\index.js"}} {"metadata":{"emulator":{"name":"functions"},"function":{"name":"us-central1-helloWorld"},"extension":{},"message":"[runtime-status] [18528] firebase-admin has been stubbed. {\"adminResolution\":{\"declared\":true,\"installed\":true,\"version\":\"10.0.2\",\"resolution\":\"C:\\\\Users\\\\rodri\\\\mealstogo dev\\\\MealsToGo\\\\functions\\\\node_modules\\\\firebase-admin\\\\lib\\\\index.js\"}}"}}
[debug] [2022-03-04T14:56:33.072Z] [runtime-status] [18528] Beginning invocation function helloWorld! {"metadata":{"emulator":{"name":"functions"},"function":{"name":"us-central1-helloWorld"},"extension":{},"message":"[runtime-status] [18528] Beginning invocation function helloWorld!"}}
[info] i  functions: Beginning execution of "helloWorld" {"metadata":{"emulator":{"name":"functions"},"function":{"name":"us-central1-helloWorld"},"extension":{},"message":"Beginning execution of \"helloWorld\""}}
[debug] [2022-03-04T14:56:33.073Z] [runtime-status] [18528] Running helloWorld in signature http {"metadata":{"emulator":{"name":"functions"},"function":{"name":"us-central1-helloWorld"},"extension":{},"message":"[runtime-status] [18528] Running helloWorld in signature http"}}
[debug] [2022-03-04T14:56:33.076Z] [runtime-status] [18528] Attempting to listen to socketPath: \\?\pipe\C:\Users\rodri\mealstogo dev\MealsToGo\functions\18528 {"metadata":{"emulator":{"name":"functions"},"function":{"name":"us-central1-helloWorld"},"extension":{},"message":"[runtime-status] [18528] Attempting to listen to socketPath: \\\\?\\pipe\\C:\\Users\\rodri\\mealstogo dev\\MealsToGo\\functions\\18528"}}
[debug] [2022-03-04T14:56:33.079Z] [functions] Runtime ready! Sending request! {"metadata":{"emulator":{"name":"functions"},"message":"[functions] Runtime ready! Sending request!"}}
[debug] [2022-03-04T14:56:33.080Z] [functions] Got req.url=/mealstogo-bbcf1/us-central1/helloWorld, mapping to path=/ {"metadata":{"emulator":{"name":"functions"},"message":"[functions] Got req.url=/mealstogo-bbcf1/us-central1/helloWorld, mapping to path=/"}}
[debug] [2022-03-04T14:56:33.084Z] [runtime-status] [18528] Ephemeral server handling GET request {"metadata":{"emulator":{"name":"functions"},"function":{"name":"us-central1-helloWorld"},"extension":{},"message":"[runtime-status] [18528] Ephemeral server handling GET request"}}
[info] >  {"structuredData":true,"severity":"INFO","message":"Hello logs!"} {"user":{"structuredData":true,"severity":"INFO","message":"Hello logs!"},"metadata":{"emulator":{"name":"functions"},"function":{"name":"us-central1-helloWorld"},"extension":{},"message":"\u001b[90m> \u001b[39m {\"structuredData\":true,\"severity\":\"INFO\",\"message\":\"Hello logs!\"}"}}
[debug] [2022-03-04T14:56:33.089Z] [runtime-status] [18528] Ephemeral server survived. {"metadata":{"emulator":{"name":"functions"},"function":{"name":"us-central1-helloWorld"},"extension":{},"message":"[runtime-status] [18528] Ephemeral server survived."}}
[info] i  functions: Finished "helloWorld" in ~1s {"metadata":{"emulator":{"name":"functions"},"function":{"name":"us-central1-helloWorld"},"extension":{},"message":"Finished \"helloWorld\" in ~1s"}}
[debug] [2022-03-04T14:56:33.092Z] [worker-us-central1-helloWorld-753a40e2-3da7-40bd-9769-0f9d597c5c56]: IDLE {"metadata":{"emulator":{"name":"functions"},"message":"[worker-us-central1-helloWorld-753a40e2-3da7-40bd-9769-0f9d597c5c56]: IDLE"}}
[debug] [2022-03-04T14:56:33.093Z] [work-queue] {"queueLength":0,"workRunningCount":0}
[debug] [2022-03-04T14:56:34.382Z] Functions emulator received unknown request at path /favicon.ico
[debug] [2022-03-04T15:00:51.566Z] File C:\Users\rodri\mealstogo dev\MealsToGo\functions\index.js changed, reloading triggers {"metadata":{"emulator":{"name":"functions"},"message":"File C:\\Users\\rodri\\mealstogo dev\\MealsToGo\\functions\\index.js changed, reloading triggers"}}
[debug] [2022-03-04T15:00:52.579Z] [worker-pool] Shutting down IDLE worker (us-central1-helloWorld) {"metadata":{"emulator":{"name":"functions"},"message":"[worker-pool] Shutting down IDLE worker (us-central1-helloWorld)"}}
[debug] [2022-03-04T15:00:52.579Z] [worker-us-central1-helloWorld-753a40e2-3da7-40bd-9769-0f9d597c5c56]: FINISHING {"metadata":{"emulator":{"name":"functions"},"message":"[worker-us-central1-helloWorld-753a40e2-3da7-40bd-9769-0f9d597c5c56]: FINISHING"}}
[debug] [2022-03-04T15:00:52.580Z] Validating nodejs source
[debug] [2022-03-04T15:00:55.207Z] > [functions] package.json contents: {
  "name": "functions",
  "description": "Cloud Functions for Firebase",
  "scripts": {
    "serve": "npx firebase emulators:start --only functions",
    "shell": "npx firebase functions:shell",
    "start": "npm run shell",
    "deploy": "firebase deploy --only functions",
    "logs": "firebase functions:log"
  },
  "engines": {
    "node": "14"
  },
  "main": "index.js",
  "dependencies": {
    "firebase-admin": "^10.0.2",
    "firebase-functions": "^3.18.0"
  },
  "devDependencies": {
    "firebase-functions-test": "^0.2.0"
  },
  "private": true
}
[debug] [2022-03-04T15:00:55.207Z] Building nodejs source
[debug] [2022-03-04T15:00:55.207Z] Analyzing nodejs backend spec
[debug] [2022-03-04T15:00:55.211Z] [worker-us-central1-helloWorld-753a40e2-3da7-40bd-9769-0f9d597c5c56]: exited {"metadata":{"emulator":{"name":"functions"},"message":"[worker-us-central1-helloWorld-753a40e2-3da7-40bd-9769-0f9d597c5c56]: exited"}}
[debug] [2022-03-04T15:00:55.211Z] [worker-us-central1-helloWorld-753a40e2-3da7-40bd-9769-0f9d597c5c56]: FINISHED {"metadata":{"emulator":{"name":"functions"},"message":"[worker-us-central1-helloWorld-753a40e2-3da7-40bd-9769-0f9d597c5c56]: FINISHED"}}
[debug] [2022-03-04T15:04:50.237Z] File C:\Users\rodri\mealstogo dev\MealsToGo\functions\geocode\index.js changed, reloading triggers {"metadata":{"emulator":{"name":"functions"},"message":"File C:\\Users\\rodri\\mealstogo dev\\MealsToGo\\functions\\geocode\\index.js changed, reloading triggers"}}
[debug] [2022-03-04T15:04:51.241Z] Validating nodejs source
[debug] [2022-03-04T15:04:53.604Z] > [functions] package.json contents: {
  "name": "functions",
  "description": "Cloud Functions for Firebase",
  "scripts": {
    "serve": "npx firebase emulators:start --only functions",
    "shell": "npx firebase functions:shell",
    "start": "npm run shell",
    "deploy": "firebase deploy --only functions",
    "logs": "firebase functions:log"
  },
  "engines": {
    "node": "14"
  },
  "main": "index.js",
  "dependencies": {
    "firebase-admin": "^10.0.2",
    "firebase-functions": "^3.18.0"
  },
  "devDependencies": {
    "firebase-functions-test": "^0.2.0"
  },
  "private": true
}
[debug] [2022-03-04T15:04:53.604Z] Building nodejs source
[debug] [2022-03-04T15:04:53.604Z] Analyzing nodejs backend spec
[debug] [2022-03-04T15:05:05.639Z] File C:\Users\rodri\mealstogo dev\MealsToGo\functions\index.js changed, reloading triggers {"metadata":{"emulator":{"name":"functions"},"message":"File C:\\Users\\rodri\\mealstogo dev\\MealsToGo\\functions\\index.js changed, reloading triggers"}}
[debug] [2022-03-04T15:05:06.654Z] Validating nodejs source
[debug] [2022-03-04T15:05:08.966Z] > [functions] package.json contents: {
  "name": "functions",
  "description": "Cloud Functions for Firebase",
  "scripts": {
    "serve": "npx firebase emulators:start --only functions",
    "shell": "npx firebase functions:shell",
    "start": "npm run shell",
    "deploy": "firebase deploy --only functions",
    "logs": "firebase functions:log"
  },
  "engines": {
    "node": "14"
  },
  "main": "index.js",
  "dependencies": {
    "firebase-admin": "^10.0.2",
    "firebase-functions": "^3.18.0"
  },
  "devDependencies": {
    "firebase-functions-test": "^0.2.0"
  },
  "private": true
}
[debug] [2022-03-04T15:05:08.966Z] Building nodejs source
[debug] [2022-03-04T15:05:08.966Z] Analyzing nodejs backend spec
[debug] [2022-03-04T15:05:15.865Z] File C:\Users\rodri\mealstogo dev\MealsToGo\functions\index.js changed, reloading triggers {"metadata":{"emulator":{"name":"functions"},"message":"File C:\\Users\\rodri\\mealstogo dev\\MealsToGo\\functions\\index.js changed, reloading triggers"}}
[debug] [2022-03-04T15:05:16.874Z] Validating nodejs source
[debug] [2022-03-04T15:05:19.147Z] > [functions] package.json contents: {
  "name": "functions",
  "description": "Cloud Functions for Firebase",
  "scripts": {
    "serve": "npx firebase emulators:start --only functions",
    "shell": "npx firebase functions:shell",
    "start": "npm run shell",
    "deploy": "firebase deploy --only functions",
    "logs": "firebase functions:log"
  },
  "engines": {
    "node": "14"
  },
  "main": "index.js",
  "dependencies": {
    "firebase-admin": "^10.0.2",
    "firebase-functions": "^3.18.0"
  },
  "devDependencies": {
    "firebase-functions-test": "^0.2.0"
  },
  "private": true
}
[debug] [2022-03-04T15:05:19.147Z] Building nodejs source
[debug] [2022-03-04T15:05:19.147Z] Analyzing nodejs backend spec
[debug] [2022-03-04T15:06:31.623Z] File C:\Users\rodri\mealstogo dev\MealsToGo\functions\geocode\geocode.mock.js changed, reloading triggers {"metadata":{"emulator":{"name":"functions"},"message":"File C:\\Users\\rodri\\mealstogo dev\\MealsToGo\\functions\\geocode\\geocode.mock.js changed, reloading triggers"}}
[debug] [2022-03-04T15:06:32.626Z] Validating nodejs source
[debug] [2022-03-04T15:06:35.209Z] > [functions] package.json contents: {
  "name": "functions",
  "description": "Cloud Functions for Firebase",
  "scripts": {
    "serve": "npx firebase emulators:start --only functions",
    "shell": "npx firebase functions:shell",
    "start": "npm run shell",
    "deploy": "firebase deploy --only functions",
    "logs": "firebase functions:log"
  },
  "engines": {
    "node": "14"
  },
  "main": "index.js",
  "dependencies": {
    "firebase-admin": "^10.0.2",
    "firebase-functions": "^3.18.0"
  },
  "devDependencies": {
    "firebase-functions-test": "^0.2.0"
  },
  "private": true
}
[debug] [2022-03-04T15:06:35.209Z] Building nodejs source
[debug] [2022-03-04T15:06:35.209Z] Analyzing nodejs backend spec
[info] +  functions[us-central1-geocode]: http function initialized (http://localhost:5001/mealstogo-bbcf1/us-central1/geocode). {"metadata":{"emulator":{"name":"functions"},"message":"\u001b[1mhttp\u001b[22m function initialized (http://localhost:5001/mealstogo-bbcf1/us-central1/geocode)."}}
[debug] [2022-03-04T15:06:46.133Z] [work-queue] {"queueLength":1,"workRunningCount":0}
[debug] [2022-03-04T15:06:46.133Z] [work-queue] {"queueLength":0,"workRunningCount":1}
[debug] [2022-03-04T15:06:46.133Z] Accepted request GET /mealstogo-bbcf1/us-central1/geocode --> us-central1-geocode
[debug] [2022-03-04T15:06:46.133Z] [worker-pool] Cleaned up workers for us-central1-helloWorld: 1 --> 0 {"metadata":{"emulator":{"name":"functions"},"message":"[worker-pool] Cleaned up workers for us-central1-helloWorld: 1 --> 0"}}
[debug] [2022-03-04T15:06:46.139Z] [worker-pool] addWorker(us-central1-geocode) {"metadata":{"emulator":{"name":"functions"},"message":"[worker-pool] addWorker(us-central1-geocode)"}}
[debug] [2022-03-04T15:06:46.139Z] [worker-pool] Adding worker with key us-central1-geocode, total=1 {"metadata":{"emulator":{"name":"functions"},"message":"[worker-pool] Adding worker with key us-central1-geocode, total=1"}}
[debug] [2022-03-04T15:06:46.139Z] [worker-pool] submitWork(triggerId=us-central1-geocode) {"metadata":{"emulator":{"name":"functions"},"message":"[worker-pool] submitWork(triggerId=us-central1-geocode)"}}
[debug] [2022-03-04T15:06:46.139Z] [worker-us-central1-geocode-240fbfac-a9cc-4ccf-8dcd-6c1d7c99f21f]: Assigning socketPath: \\?\pipe\C:\Users\rodri\mealstogo dev\MealsToGo\functions\15784 {"metadata":{"emulator":{"name":"functions"},"message":"[worker-us-central1-geocode-240fbfac-a9cc-4ccf-8dcd-6c1d7c99f21f]: Assigning socketPath: \\\\?\\pipe\\C:\\Users\\rodri\\mealstogo dev\\MealsToGo\\functions\\15784"}}
[debug] [2022-03-04T15:06:46.139Z] [worker-us-central1-geocode-240fbfac-a9cc-4ccf-8dcd-6c1d7c99f21f]: BUSY {"metadata":{"emulator":{"name":"functions"},"message":"[worker-us-central1-geocode-240fbfac-a9cc-4ccf-8dcd-6c1d7c99f21f]: BUSY"}}
[debug] [2022-03-04T15:06:47.207Z] [runtime-status] [15784] Functions runtime initialized. {"cwd":"C:\\Users\\rodri\\mealstogo dev\\MealsToGo\\functions","node_version":"14.17.6"} {"metadata":{"emulator":{"name":"functions"},"function":{"name":"us-central1-geocode"},"extension":{},"message":"[runtime-status] [15784] Functions runtime initialized. {\"cwd\":\"C:\\\\Users\\\\rodri\\\\mealstogo dev\\\\MealsToGo\\\\functions\",\"node_version\":\"14.17.6\"}"}}
[debug] [2022-03-04T15:06:47.211Z] [runtime-status] [15784] Disabled runtime features: undefined {"metadata":{"emulator":{"name":"functions"},"function":{"name":"us-central1-geocode"},"extension":{},"message":"[runtime-status] [15784] Disabled runtime features: undefined"}}
[debug] [2022-03-04T15:06:47.213Z] [runtime-status] [15784] Resolved module firebase-admin {"declared":true,"installed":true,"version":"10.0.2","resolution":"C:\\Users\\rodri\\mealstogo dev\\MealsToGo\\functions\\node_modules\\firebase-admin\\lib\\index.js"} {"metadata":{"emulator":{"name":"functions"},"function":{"name":"us-central1-geocode"},"extension":{},"message":"[runtime-status] [15784] Resolved module firebase-admin {\"declared\":true,\"installed\":true,\"version\":\"10.0.2\",\"resolution\":\"C:\\\\Users\\\\rodri\\\\mealstogo dev\\\\MealsToGo\\\\functions\\\\node_modules\\\\firebase-admin\\\\lib\\\\index.js\"}"}}
[debug] [2022-03-04T15:06:47.215Z] [runtime-status] [15784] Resolved module firebase-functions {"declared":true,"installed":true,"version":"3.18.1","resolution":"C:\\Users\\rodri\\mealstogo dev\\MealsToGo\\functions\\node_modules\\firebase-functions\\lib\\index.js"} {"metadata":{"emulator":{"name":"functions"},"function":{"name":"us-central1-geocode"},"extension":{},"message":"[runtime-status] [15784] Resolved module firebase-functions {\"declared\":true,\"installed\":true,\"version\":\"3.18.1\",\"resolution\":\"C:\\\\Users\\\\rodri\\\\mealstogo dev\\\\MealsToGo\\\\functions\\\\node_modules\\\\firebase-functions\\\\lib\\\\index.js\"}"}}
[debug] [2022-03-04T15:06:47.215Z] [runtime-status] [15784] Outgoing network have been stubbed. [{"name":"http","status":"mocked"},{"name":"http","status":"mocked"},{"name":"https","status":"mocked"},{"name":"https","status":"mocked"},{"name":"net","status":"mocked"}] {"metadata":{"emulator":{"name":"functions"},"function":{"name":"us-central1-geocode"},"extension":{},"message":"[runtime-status] [15784] Outgoing network have been stubbed. [{\"name\":\"http\",\"status\":\"mocked\"},{\"name\":\"http\",\"status\":\"mocked\"},{\"name\":\"https\",\"status\":\"mocked\"},{\"name\":\"https\",\"status\":\"mocked\"},{\"name\":\"net\",\"status\":\"mocked\"}]"}}
[debug] [2022-03-04T15:06:47.216Z] [runtime-status] [15784] Resolved module firebase-functions {"declared":true,"installed":true,"version":"3.18.1","resolution":"C:\\Users\\rodri\\mealstogo dev\\MealsToGo\\functions\\node_modules\\firebase-functions\\lib\\index.js"} {"metadata":{"emulator":{"name":"functions"},"function":{"name":"us-central1-geocode"},"extension":{},"message":"[runtime-status] [15784] Resolved module firebase-functions {\"declared\":true,\"installed\":true,\"version\":\"3.18.1\",\"resolution\":\"C:\\\\Users\\\\rodri\\\\mealstogo dev\\\\MealsToGo\\\\functions\\\\node_modules\\\\firebase-functions\\\\lib\\\\index.js\"}"}}
[debug] [2022-03-04T15:06:47.262Z] [runtime-status] [15784] Checked functions.config() {"config":{}} {"metadata":{"emulator":{"name":"functions"},"function":{"name":"us-central1-geocode"},"extension":{},"message":"[runtime-status] [15784] Checked functions.config() {\"config\":{}}"}}
[debug] [2022-03-04T15:06:47.263Z] [runtime-status] [15784] firebase-functions has been stubbed. {"functionsResolution":{"declared":true,"installed":true,"version":"3.18.1","resolution":"C:\\Users\\rodri\\mealstogo dev\\MealsToGo\\functions\\node_modules\\firebase-functions\\lib\\index.js"}} {"metadata":{"emulator":{"name":"functions"},"function":{"name":"us-central1-geocode"},"extension":{},"message":"[runtime-status] [15784] firebase-functions has been stubbed. {\"functionsResolution\":{\"declared\":true,\"installed\":true,\"version\":\"3.18.1\",\"resolution\":\"C:\\\\Users\\\\rodri\\\\mealstogo dev\\\\MealsToGo\\\\functions\\\\node_modules\\\\firebase-functions\\\\lib\\\\index.js\"}}"}}
[debug] [2022-03-04T15:06:47.263Z] [runtime-status] [15784] Resolved module firebase-functions {"declared":true,"installed":true,"version":"3.18.1","resolution":"C:\\Users\\rodri\\mealstogo dev\\MealsToGo\\functions\\node_modules\\firebase-functions\\lib\\index.js"} {"metadata":{"emulator":{"name":"functions"},"function":{"name":"us-central1-geocode"},"extension":{},"message":"[runtime-status] [15784] Resolved module firebase-functions {\"declared\":true,\"installed\":true,\"version\":\"3.18.1\",\"resolution\":\"C:\\\\Users\\\\rodri\\\\mealstogo dev\\\\MealsToGo\\\\functions\\\\node_modules\\\\firebase-functions\\\\lib\\\\index.js\"}"}}
[debug] [2022-03-04T15:06:47.264Z] [runtime-status] [15784] Resolved module firebase-admin {"declared":true,"installed":true,"version":"10.0.2","resolution":"C:\\Users\\rodri\\mealstogo dev\\MealsToGo\\functions\\node_modules\\firebase-admin\\lib\\index.js"} {"metadata":{"emulator":{"name":"functions"},"function":{"name":"us-central1-geocode"},"extension":{},"message":"[runtime-status] [15784] Resolved module firebase-admin {\"declared\":true,\"installed\":true,\"version\":\"10.0.2\",\"resolution\":\"C:\\\\Users\\\\rodri\\\\mealstogo dev\\\\MealsToGo\\\\functions\\\\node_modules\\\\firebase-admin\\\\lib\\\\index.js\"}"}}
[debug] [2022-03-04T15:06:47.265Z] [runtime-status] [15784] Resolved module firebase-functions {"declared":true,"installed":true,"version":"3.18.1","resolution":"C:\\Users\\rodri\\mealstogo dev\\MealsToGo\\functions\\node_modules\\firebase-functions\\lib\\index.js"} {"metadata":{"emulator":{"name":"functions"},"function":{"name":"us-central1-geocode"},"extension":{},"message":"[runtime-status] [15784] Resolved module firebase-functions {\"declared\":true,\"installed\":true,\"version\":\"3.18.1\",\"resolution\":\"C:\\\\Users\\\\rodri\\\\mealstogo dev\\\\MealsToGo\\\\functions\\\\node_modules\\\\firebase-functions\\\\lib\\\\index.js\"}"}}
[debug] [2022-03-04T15:06:47.265Z] [runtime-status] [15784] firebase-admin has been stubbed. {"adminResolution":{"declared":true,"installed":true,"version":"10.0.2","resolution":"C:\\Users\\rodri\\mealstogo dev\\MealsToGo\\functions\\node_modules\\firebase-admin\\lib\\index.js"}} {"metadata":{"emulator":{"name":"functions"},"function":{"name":"us-central1-geocode"},"extension":{},"message":"[runtime-status] [15784] firebase-admin has been stubbed. {\"adminResolution\":{\"declared\":true,\"installed\":true,\"version\":\"10.0.2\",\"resolution\":\"C:\\\\Users\\\\rodri\\\\mealstogo dev\\\\MealsToGo\\\\functions\\\\node_modules\\\\firebase-admin\\\\lib\\\\index.js\"}}"}}
[debug] [2022-03-04T15:06:47.268Z] [runtime-status] [15784] Beginning invocation function geocode! {"metadata":{"emulator":{"name":"functions"},"function":{"name":"us-central1-geocode"},"extension":{},"message":"[runtime-status] [15784] Beginning invocation function geocode!"}}
[info] i  functions: Beginning execution of "geocode" {"metadata":{"emulator":{"name":"functions"},"function":{"name":"us-central1-geocode"},"extension":{},"message":"Beginning execution of \"geocode\""}}
[debug] [2022-03-04T15:06:47.270Z] [runtime-status] [15784] Running geocode in signature http {"metadata":{"emulator":{"name":"functions"},"function":{"name":"us-central1-geocode"},"extension":{},"message":"[runtime-status] [15784] Running geocode in signature http"}}
[debug] [2022-03-04T15:06:47.273Z] [runtime-status] [15784] Attempting to listen to socketPath: \\?\pipe\C:\Users\rodri\mealstogo dev\MealsToGo\functions\15784 {"metadata":{"emulator":{"name":"functions"},"function":{"name":"us-central1-geocode"},"extension":{},"message":"[runtime-status] [15784] Attempting to listen to socketPath: \\\\?\\pipe\\C:\\Users\\rodri\\mealstogo dev\\MealsToGo\\functions\\15784"}}
[debug] [2022-03-04T15:06:47.276Z] [functions] Runtime ready! Sending request! {"metadata":{"emulator":{"name":"functions"},"message":"[functions] Runtime ready! Sending request!"}}
[debug] [2022-03-04T15:06:47.276Z] [functions] Got req.url=/mealstogo-bbcf1/us-central1/geocode, mapping to path=/ {"metadata":{"emulator":{"name":"functions"},"message":"[functions] Got req.url=/mealstogo-bbcf1/us-central1/geocode, mapping to path=/"}}
[debug] [2022-03-04T15:06:47.281Z] [runtime-status] [15784] Ephemeral server handling GET request {"metadata":{"emulator":{"name":"functions"},"function":{"name":"us-central1-geocode"},"extension":{},"message":"[runtime-status] [15784] Ephemeral server handling GET request"}}
[debug] [2022-03-04T15:06:47.282Z] [runtime-status] [15784] Ephemeral server survived. {"metadata":{"emulator":{"name":"functions"},"function":{"name":"us-central1-geocode"},"extension":{},"message":"[runtime-status] [15784] Ephemeral server survived."}}
[warn] !  functions: TypeError: Cannot read property 'toLowerCase' of undefined
    at module.exports.geocodeRequest (C:\Users\rodri\mealstogo dev\MealsToGo\functions\geocode\index.js:6:45)
    at C:\Users\rodri\mealstogo dev\MealsToGo\functions\index.js:4:5
    at cloudFunction (C:\Users\rodri\mealstogo dev\MealsToGo\functions\node_modules\firebase-functions\lib\providers\https.js:98:16)
    at C:\Users\rodri\AppData\Roaming\npm\node_modules\firebase-tools\lib\emulator\functionsEmulatorRuntime.js:591:16
    at runFunction (C:\Users\rodri\AppData\Roaming\npm\node_modules\firebase-tools\lib\emulator\functionsEmulatorRuntime.js:564:15)
    at runHTTPS (C:\Users\rodri\AppData\Roaming\npm\node_modules\firebase-tools\lib\emulator\functionsEmulatorRuntime.js:590:11)
    at handler (C:\Users\rodri\AppData\Roaming\npm\node_modules\firebase-tools\lib\emulator\functionsEmulatorRuntime.js:510:23)
    at Layer.handle [as handle_request] (C:\Users\rodri\AppData\Roaming\npm\node_modules\firebase-tools\node_modules\express\lib\router\layer.js:95:5)
    at next (C:\Users\rodri\AppData\Roaming\npm\node_modules\firebase-tools\node_modules\express\lib\router\route.js:137:13)
    at Route.dispatch (C:\Users\rodri\AppData\Roaming\npm\node_modules\firebase-tools\node_modules\express\lib\router\route.js:112:3) {"metadata":{"emulator":{"name":"functions"},"function":{"name":"us-central1-geocode"},"extension":{},"message":"TypeError: Cannot read property 'toLowerCase' of undefined\n    at module.exports.geocodeRequest (C:\\Users\\rodri\\mealstogo dev\\MealsToGo\\functions\\geocode\\index.js:6:45)\n    at C:\\Users\\rodri\\mealstogo dev\\MealsToGo\\functions\\index.js:4:5\n    at cloudFunction (C:\\Users\\rodri\\mealstogo dev\\MealsToGo\\functions\\node_modules\\firebase-functions\\lib\\providers\\https.js:98:16)\n    at C:\\Users\\rodri\\AppData\\Roaming\\npm\\node_modules\\firebase-tools\\lib\\emulator\\functionsEmulatorRuntime.js:591:16\n    at runFunction (C:\\Users\\rodri\\AppData\\Roaming\\npm\\node_modules\\firebase-tools\\lib\\emulator\\functionsEmulatorRuntime.js:564:15)\n    at runHTTPS (C:\\Users\\rodri\\AppData\\Roaming\\npm\\node_modules\\firebase-tools\\lib\\emulator\\functionsEmulatorRuntime.js:590:11)\n    at handler (C:\\Users\\rodri\\AppData\\Roaming\\npm\\node_modules\\firebase-tools\\lib\\emulator\\functionsEmulatorRuntime.js:510:23)\n    at Layer.handle [as handle_request] (C:\\Users\\rodri\\AppData\\Roaming\\npm\\node_modules\\firebase-tools\\node_modules\\express\\lib\\router\\layer.js:95:5)\n    at next (C:\\Users\\rodri\\AppData\\Roaming\\npm\\node_modules\\firebase-tools\\node_modules\\express\\lib\\router\\route.js:137:13)\n    at Route.dispatch (C:\\Users\\rodri\\AppData\\Roaming\\npm\\node_modules\\firebase-tools\\node_modules\\express\\lib\\router\\route.js:112:3)"}}
[warn] !  Your function was killed because it raised an unhandled error. {"metadata":{"emulator":{"name":"functions"},"function":{"name":"us-central1-geocode"},"extension":{},"message":"Your function was killed because it raised an unhandled error."}}
[debug] [2022-03-04T15:06:47.297Z] [worker-us-central1-geocode-240fbfac-a9cc-4ccf-8dcd-6c1d7c99f21f]: exited {"metadata":{"emulator":{"name":"functions"},"message":"[worker-us-central1-geocode-240fbfac-a9cc-4ccf-8dcd-6c1d7c99f21f]: exited"}}
[debug] [2022-03-04T15:06:47.298Z] [worker-us-central1-geocode-240fbfac-a9cc-4ccf-8dcd-6c1d7c99f21f]: FINISHED {"metadata":{"emulator":{"name":"functions"},"message":"[worker-us-central1-geocode-240fbfac-a9cc-4ccf-8dcd-6c1d7c99f21f]: FINISHED"}}
[debug] [2022-03-04T15:06:47.298Z] [work-queue] {"queueLength":0,"workRunningCount":0}
[debug] [2022-03-04T15:07:00.896Z] [work-queue] {"queueLength":1,"workRunningCount":0}
[debug] [2022-03-04T15:07:00.897Z] [work-queue] {"queueLength":0,"workRunningCount":1}
[debug] [2022-03-04T15:07:00.897Z] Accepted request GET /mealstogo-bbcf1/us-central1/geocode/?city=antwerp --> us-central1-geocode
[debug] [2022-03-04T15:07:00.897Z] [worker-pool] Cleaned up workers for us-central1-geocode: 1 --> 0 {"metadata":{"emulator":{"name":"functions"},"message":"[worker-pool] Cleaned up workers for us-central1-geocode: 1 --> 0"}}
[debug] [2022-03-04T15:07:00.902Z] [worker-pool] addWorker(us-central1-geocode) {"metadata":{"emulator":{"name":"functions"},"message":"[worker-pool] addWorker(us-central1-geocode)"}}
[debug] [2022-03-04T15:07:00.902Z] [worker-pool] Adding worker with key us-central1-geocode, total=1 {"metadata":{"emulator":{"name":"functions"},"message":"[worker-pool] Adding worker with key us-central1-geocode, total=1"}}
[debug] [2022-03-04T15:07:00.902Z] [worker-pool] submitWork(triggerId=us-central1-geocode) {"metadata":{"emulator":{"name":"functions"},"message":"[worker-pool] submitWork(triggerId=us-central1-geocode)"}}
[debug] [2022-03-04T15:07:00.903Z] [worker-us-central1-geocode-f78c90f8-8114-4fed-ab61-21dd6b5de032]: Assigning socketPath: \\?\pipe\C:\Users\rodri\mealstogo dev\MealsToGo\functions\17284 {"metadata":{"emulator":{"name":"functions"},"message":"[worker-us-central1-geocode-f78c90f8-8114-4fed-ab61-21dd6b5de032]: Assigning socketPath: \\\\?\\pipe\\C:\\Users\\rodri\\mealstogo dev\\MealsToGo\\functions\\17284"}}
[debug] [2022-03-04T15:07:00.903Z] [worker-us-central1-geocode-f78c90f8-8114-4fed-ab61-21dd6b5de032]: BUSY {"metadata":{"emulator":{"name":"functions"},"message":"[worker-us-central1-geocode-f78c90f8-8114-4fed-ab61-21dd6b5de032]: BUSY"}}
[debug] [2022-03-04T15:07:01.934Z] [runtime-status] [17284] Functions runtime initialized. {"cwd":"C:\\Users\\rodri\\mealstogo dev\\MealsToGo\\functions","node_version":"14.17.6"} {"metadata":{"emulator":{"name":"functions"},"function":{"name":"us-central1-geocode"},"extension":{},"message":"[runtime-status] [17284] Functions runtime initialized. {\"cwd\":\"C:\\\\Users\\\\rodri\\\\mealstogo dev\\\\MealsToGo\\\\functions\",\"node_version\":\"14.17.6\"}"}}
[debug] [2022-03-04T15:07:01.935Z] [runtime-status] [17284] Disabled runtime features: undefined {"metadata":{"emulator":{"name":"functions"},"function":{"name":"us-central1-geocode"},"extension":{},"message":"[runtime-status] [17284] Disabled runtime features: undefined"}}
[debug] [2022-03-04T15:07:01.938Z] [runtime-status] [17284] Resolved module firebase-admin {"declared":true,"installed":true,"version":"10.0.2","resolution":"C:\\Users\\rodri\\mealstogo dev\\MealsToGo\\functions\\node_modules\\firebase-admin\\lib\\index.js"} {"metadata":{"emulator":{"name":"functions"},"function":{"name":"us-central1-geocode"},"extension":{},"message":"[runtime-status] [17284] Resolved module firebase-admin {\"declared\":true,\"installed\":true,\"version\":\"10.0.2\",\"resolution\":\"C:\\\\Users\\\\rodri\\\\mealstogo dev\\\\MealsToGo\\\\functions\\\\node_modules\\\\firebase-admin\\\\lib\\\\index.js\"}"}}
[debug] [2022-03-04T15:07:01.939Z] [runtime-status] [17284] Resolved module firebase-functions {"declared":true,"installed":true,"version":"3.18.1","resolution":"C:\\Users\\rodri\\mealstogo dev\\MealsToGo\\functions\\node_modules\\firebase-functions\\lib\\index.js"} {"metadata":{"emulator":{"name":"functions"},"function":{"name":"us-central1-geocode"},"extension":{},"message":"[runtime-status] [17284] Resolved module firebase-functions {\"declared\":true,\"installed\":true,\"version\":\"3.18.1\",\"resolution\":\"C:\\\\Users\\\\rodri\\\\mealstogo dev\\\\MealsToGo\\\\functions\\\\node_modules\\\\firebase-functions\\\\lib\\\\index.js\"}"}}
[debug] [2022-03-04T15:07:01.940Z] [runtime-status] [17284] Outgoing network have been stubbed. [{"name":"http","status":"mocked"},{"name":"http","status":"mocked"},{"name":"https","status":"mocked"},{"name":"https","status":"mocked"},{"name":"net","status":"mocked"}] {"metadata":{"emulator":{"name":"functions"},"function":{"name":"us-central1-geocode"},"extension":{},"message":"[runtime-status] [17284] Outgoing network have been stubbed. [{\"name\":\"http\",\"status\":\"mocked\"},{\"name\":\"http\",\"status\":\"mocked\"},{\"name\":\"https\",\"status\":\"mocked\"},{\"name\":\"https\",\"status\":\"mocked\"},{\"name\":\"net\",\"status\":\"mocked\"}]"}}
[debug] [2022-03-04T15:07:01.940Z] [runtime-status] [17284] Resolved module firebase-functions {"declared":true,"installed":true,"version":"3.18.1","resolution":"C:\\Users\\rodri\\mealstogo dev\\MealsToGo\\functions\\node_modules\\firebase-functions\\lib\\index.js"} {"metadata":{"emulator":{"name":"functions"},"function":{"name":"us-central1-geocode"},"extension":{},"message":"[runtime-status] [17284] Resolved module firebase-functions {\"declared\":true,\"installed\":true,\"version\":\"3.18.1\",\"resolution\":\"C:\\\\Users\\\\rodri\\\\mealstogo dev\\\\MealsToGo\\\\functions\\\\node_modules\\\\firebase-functions\\\\lib\\\\index.js\"}"}}
[debug] [2022-03-04T15:07:01.985Z] [runtime-status] [17284] Checked functions.config() {"config":{}} {"metadata":{"emulator":{"name":"functions"},"function":{"name":"us-central1-geocode"},"extension":{},"message":"[runtime-status] [17284] Checked functions.config() {\"config\":{}}"}}
[debug] [2022-03-04T15:07:01.986Z] [runtime-status] [17284] firebase-functions has been stubbed. {"functionsResolution":{"declared":true,"installed":true,"version":"3.18.1","resolution":"C:\\Users\\rodri\\mealstogo dev\\MealsToGo\\functions\\node_modules\\firebase-functions\\lib\\index.js"}} {"metadata":{"emulator":{"name":"functions"},"function":{"name":"us-central1-geocode"},"extension":{},"message":"[runtime-status] [17284] firebase-functions has been stubbed. {\"functionsResolution\":{\"declared\":true,\"installed\":true,\"version\":\"3.18.1\",\"resolution\":\"C:\\\\Users\\\\rodri\\\\mealstogo dev\\\\MealsToGo\\\\functions\\\\node_modules\\\\firebase-functions\\\\lib\\\\index.js\"}}"}}
[debug] [2022-03-04T15:07:01.986Z] [runtime-status] [17284] Resolved module firebase-functions {"declared":true,"installed":true,"version":"3.18.1","resolution":"C:\\Users\\rodri\\mealstogo dev\\MealsToGo\\functions\\node_modules\\firebase-functions\\lib\\index.js"} {"metadata":{"emulator":{"name":"functions"},"function":{"name":"us-central1-geocode"},"extension":{},"message":"[runtime-status] [17284] Resolved module firebase-functions {\"declared\":true,\"installed\":true,\"version\":\"3.18.1\",\"resolution\":\"C:\\\\Users\\\\rodri\\\\mealstogo dev\\\\MealsToGo\\\\functions\\\\node_modules\\\\firebase-functions\\\\lib\\\\index.js\"}"}}
[debug] [2022-03-04T15:07:01.988Z] [runtime-status] [17284] Resolved module firebase-admin {"declared":true,"installed":true,"version":"10.0.2","resolution":"C:\\Users\\rodri\\mealstogo dev\\MealsToGo\\functions\\node_modules\\firebase-admin\\lib\\index.js"} {"metadata":{"emulator":{"name":"functions"},"function":{"name":"us-central1-geocode"},"extension":{},"message":"[runtime-status] [17284] Resolved module firebase-admin {\"declared\":true,\"installed\":true,\"version\":\"10.0.2\",\"resolution\":\"C:\\\\Users\\\\rodri\\\\mealstogo dev\\\\MealsToGo\\\\functions\\\\node_modules\\\\firebase-admin\\\\lib\\\\index.js\"}"}}
[debug] [2022-03-04T15:07:01.988Z] [runtime-status] [17284] Resolved module firebase-functions {"declared":true,"installed":true,"version":"3.18.1","resolution":"C:\\Users\\rodri\\mealstogo dev\\MealsToGo\\functions\\node_modules\\firebase-functions\\lib\\index.js"} {"metadata":{"emulator":{"name":"functions"},"function":{"name":"us-central1-geocode"},"extension":{},"message":"[runtime-status] [17284] Resolved module firebase-functions {\"declared\":true,\"installed\":true,\"version\":\"3.18.1\",\"resolution\":\"C:\\\\Users\\\\rodri\\\\mealstogo dev\\\\MealsToGo\\\\functions\\\\node_modules\\\\firebase-functions\\\\lib\\\\index.js\"}"}}
[debug] [2022-03-04T15:07:01.988Z] [runtime-status] [17284] firebase-admin has been stubbed. {"adminResolution":{"declared":true,"installed":true,"version":"10.0.2","resolution":"C:\\Users\\rodri\\mealstogo dev\\MealsToGo\\functions\\node_modules\\firebase-admin\\lib\\index.js"}} {"metadata":{"emulator":{"name":"functions"},"function":{"name":"us-central1-geocode"},"extension":{},"message":"[runtime-status] [17284] firebase-admin has been stubbed. {\"adminResolution\":{\"declared\":true,\"installed\":true,\"version\":\"10.0.2\",\"resolution\":\"C:\\\\Users\\\\rodri\\\\mealstogo dev\\\\MealsToGo\\\\functions\\\\node_modules\\\\firebase-admin\\\\lib\\\\index.js\"}}"}}
[debug] [2022-03-04T15:07:01.991Z] [runtime-status] [17284] Beginning invocation function geocode! {"metadata":{"emulator":{"name":"functions"},"function":{"name":"us-central1-geocode"},"extension":{},"message":"[runtime-status] [17284] Beginning invocation function geocode!"}}
[info] i  functions: Beginning execution of "geocode" {"metadata":{"emulator":{"name":"functions"},"function":{"name":"us-central1-geocode"},"extension":{},"message":"Beginning execution of \"geocode\""}}
[debug] [2022-03-04T15:07:01.992Z] [runtime-status] [17284] Running geocode in signature http {"metadata":{"emulator":{"name":"functions"},"function":{"name":"us-central1-geocode"},"extension":{},"message":"[runtime-status] [17284] Running geocode in signature http"}}
[debug] [2022-03-04T15:07:01.995Z] [runtime-status] [17284] Attempting to listen to socketPath: \\?\pipe\C:\Users\rodri\mealstogo dev\MealsToGo\functions\17284 {"metadata":{"emulator":{"name":"functions"},"function":{"name":"us-central1-geocode"},"extension":{},"message":"[runtime-status] [17284] Attempting to listen to socketPath: \\\\?\\pipe\\C:\\Users\\rodri\\mealstogo dev\\MealsToGo\\functions\\17284"}}
[debug] [2022-03-04T15:07:01.997Z] [functions] Runtime ready! Sending request! {"metadata":{"emulator":{"name":"functions"},"message":"[functions] Runtime ready! Sending request!"}}
[debug] [2022-03-04T15:07:01.998Z] [functions] Got req.url=/mealstogo-bbcf1/us-central1/geocode/?city=antwerp, mapping to path=/?city=antwerp {"metadata":{"emulator":{"name":"functions"},"message":"[functions] Got req.url=/mealstogo-bbcf1/us-central1/geocode/?city=antwerp, mapping to path=/?city=antwerp"}}
[debug] [2022-03-04T15:07:02.003Z] [runtime-status] [17284] Ephemeral server handling GET request {"metadata":{"emulator":{"name":"functions"},"function":{"name":"us-central1-geocode"},"extension":{},"message":"[runtime-status] [17284] Ephemeral server handling GET request"}}
[debug] [2022-03-04T15:07:02.008Z] [runtime-status] [17284] Ephemeral server survived. {"metadata":{"emulator":{"name":"functions"},"function":{"name":"us-central1-geocode"},"extension":{},"message":"[runtime-status] [17284] Ephemeral server survived."}}
[info] i  functions: Finished "geocode" in ~1s {"metadata":{"emulator":{"name":"functions"},"function":{"name":"us-central1-geocode"},"extension":{},"message":"Finished \"geocode\" in ~1s"}}
[debug] [2022-03-04T15:07:02.010Z] [worker-us-central1-geocode-f78c90f8-8114-4fed-ab61-21dd6b5de032]: IDLE {"metadata":{"emulator":{"name":"functions"},"message":"[worker-us-central1-geocode-f78c90f8-8114-4fed-ab61-21dd6b5de032]: IDLE"}}
[debug] [2022-03-04T15:07:02.011Z] [work-queue] {"queueLength":0,"workRunningCount":0}
[debug] [2022-03-04T15:12:59.848Z] [work-queue] {"queueLength":1,"workRunningCount":0}
[debug] [2022-03-04T15:12:59.849Z] [work-queue] {"queueLength":0,"workRunningCount":1}
[debug] [2022-03-04T15:12:59.849Z] Accepted request GET /mealstogo-bbcf1/us-central1/geocode/?city=antwerp --> us-central1-geocode
[debug] [2022-03-04T15:12:59.849Z] [worker-pool] submitWork(triggerId=us-central1-geocode) {"metadata":{"emulator":{"name":"functions"},"message":"[worker-pool] submitWork(triggerId=us-central1-geocode)"}}
[debug] [2022-03-04T15:12:59.849Z] [worker-us-central1-geocode-f78c90f8-8114-4fed-ab61-21dd6b5de032]: Assigning socketPath: \\?\pipe\C:\Users\rodri\mealstogo dev\MealsToGo\functions\17284 {"metadata":{"emulator":{"name":"functions"},"message":"[worker-us-central1-geocode-f78c90f8-8114-4fed-ab61-21dd6b5de032]: Assigning socketPath: \\\\?\\pipe\\C:\\Users\\rodri\\mealstogo dev\\MealsToGo\\functions\\17284"}}
[debug] [2022-03-04T15:12:59.849Z] [worker-us-central1-geocode-f78c90f8-8114-4fed-ab61-21dd6b5de032]: BUSY {"metadata":{"emulator":{"name":"functions"},"message":"[worker-us-central1-geocode-f78c90f8-8114-4fed-ab61-21dd6b5de032]: BUSY"}}
[debug] [2022-03-04T15:12:59.849Z] [runtime-status] [17284] Beginning invocation function geocode! {"metadata":{"emulator":{"name":"functions"},"function":{"name":"us-central1-geocode"},"extension":{},"message":"[runtime-status] [17284] Beginning invocation function geocode!"}}
[info] i  functions: Beginning execution of "geocode" {"metadata":{"emulator":{"name":"functions"},"function":{"name":"us-central1-geocode"},"extension":{},"message":"Beginning execution of \"geocode\""}}
[debug] [2022-03-04T15:12:59.850Z] [runtime-status] [17284] Running geocode in signature http {"metadata":{"emulator":{"name":"functions"},"function":{"name":"us-central1-geocode"},"extension":{},"message":"[runtime-status] [17284] Running geocode in signature http"}}
[debug] [2022-03-04T15:12:59.851Z] [runtime-status] [17284] Attempting to listen to socketPath: \\?\pipe\C:\Users\rodri\mealstogo dev\MealsToGo\functions\17284 {"metadata":{"emulator":{"name":"functions"},"function":{"name":"us-central1-geocode"},"extension":{},"message":"[runtime-status] [17284] Attempting to listen to socketPath: \\\\?\\pipe\\C:\\Users\\rodri\\mealstogo dev\\MealsToGo\\functions\\17284"}}
[debug] [2022-03-04T15:12:59.852Z] [functions] Runtime ready! Sending request! {"metadata":{"emulator":{"name":"functions"},"message":"[functions] Runtime ready! Sending request!"}}
[debug] [2022-03-04T15:12:59.852Z] [functions] Got req.url=/mealstogo-bbcf1/us-central1/geocode/?city=antwerp, mapping to path=/?city=antwerp {"metadata":{"emulator":{"name":"functions"},"message":"[functions] Got req.url=/mealstogo-bbcf1/us-central1/geocode/?city=antwerp, mapping to path=/?city=antwerp"}}
[debug] [2022-03-04T15:12:59.854Z] [runtime-status] [17284] Ephemeral server handling GET request {"metadata":{"emulator":{"name":"functions"},"function":{"name":"us-central1-geocode"},"extension":{},"message":"[runtime-status] [17284] Ephemeral server handling GET request"}}
[debug] [2022-03-04T15:12:59.856Z] [runtime-status] [17284] Ephemeral server survived. {"metadata":{"emulator":{"name":"functions"},"function":{"name":"us-central1-geocode"},"extension":{},"message":"[runtime-status] [17284] Ephemeral server survived."}}
[info] i  functions: Finished "geocode" in ~1s {"metadata":{"emulator":{"name":"functions"},"function":{"name":"us-central1-geocode"},"extension":{},"message":"Finished \"geocode\" in ~1s"}}
[debug] [2022-03-04T15:12:59.857Z] [worker-us-central1-geocode-f78c90f8-8114-4fed-ab61-21dd6b5de032]: IDLE {"metadata":{"emulator":{"name":"functions"},"message":"[worker-us-central1-geocode-f78c90f8-8114-4fed-ab61-21dd6b5de032]: IDLE"}}
[debug] [2022-03-04T15:12:59.857Z] [work-queue] {"queueLength":0,"workRunningCount":0}
[debug] [2022-03-04T15:17:27.108Z] File C:\Users\rodri\mealstogo dev\MealsToGo\functions\index.js changed, reloading triggers {"metadata":{"emulator":{"name":"functions"},"message":"File C:\\Users\\rodri\\mealstogo dev\\MealsToGo\\functions\\index.js changed, reloading triggers"}}
[debug] [2022-03-04T15:17:28.115Z] [worker-pool] Shutting down IDLE worker (us-central1-geocode) {"metadata":{"emulator":{"name":"functions"},"message":"[worker-pool] Shutting down IDLE worker (us-central1-geocode)"}}
[debug] [2022-03-04T15:17:28.115Z] [worker-us-central1-geocode-f78c90f8-8114-4fed-ab61-21dd6b5de032]: FINISHING {"metadata":{"emulator":{"name":"functions"},"message":"[worker-us-central1-geocode-f78c90f8-8114-4fed-ab61-21dd6b5de032]: FINISHING"}}
[debug] [2022-03-04T15:17:28.116Z] Validating nodejs source
[debug] [2022-03-04T15:17:30.507Z] > [functions] package.json contents: {
  "name": "functions",
  "description": "Cloud Functions for Firebase",
  "scripts": {
    "serve": "npx firebase emulators:start --only functions",
    "shell": "npx firebase functions:shell",
    "start": "npm run shell",
    "deploy": "firebase deploy --only functions",
    "logs": "firebase functions:log"
  },
  "engines": {
    "node": "14"
  },
  "main": "index.js",
  "dependencies": {
    "firebase-admin": "^10.0.2",
    "firebase-functions": "^3.18.0"
  },
  "devDependencies": {
    "firebase-functions-test": "^0.2.0"
  },
  "private": true
}
[debug] [2022-03-04T15:17:30.507Z] Building nodejs source
[debug] [2022-03-04T15:17:30.507Z] Analyzing nodejs backend spec
[debug] [2022-03-04T15:17:30.510Z] [worker-us-central1-geocode-f78c90f8-8114-4fed-ab61-21dd6b5de032]: exited {"metadata":{"emulator":{"name":"functions"},"message":"[worker-us-central1-geocode-f78c90f8-8114-4fed-ab61-21dd6b5de032]: exited"}}
[debug] [2022-03-04T15:17:30.511Z] [worker-us-central1-geocode-f78c90f8-8114-4fed-ab61-21dd6b5de032]: FINISHED {"metadata":{"emulator":{"name":"functions"},"message":"[worker-us-central1-geocode-f78c90f8-8114-4fed-ab61-21dd6b5de032]: FINISHED"}}
[debug] [2022-03-04T15:17:32.728Z] File C:\Users\rodri\mealstogo dev\MealsToGo\functions\index.js changed, reloading triggers {"metadata":{"emulator":{"name":"functions"},"message":"File C:\\Users\\rodri\\mealstogo dev\\MealsToGo\\functions\\index.js changed, reloading triggers"}}
[debug] [2022-03-04T15:17:33.739Z] Validating nodejs source
[debug] [2022-03-04T15:17:36.106Z] > [functions] package.json contents: {
  "name": "functions",
  "description": "Cloud Functions for Firebase",
  "scripts": {
    "serve": "npx firebase emulators:start --only functions",
    "shell": "npx firebase functions:shell",
    "start": "npm run shell",
    "deploy": "firebase deploy --only functions",
    "logs": "firebase functions:log"
  },
  "engines": {
    "node": "14"
  },
  "main": "index.js",
  "dependencies": {
    "firebase-admin": "^10.0.2",
    "firebase-functions": "^3.18.0"
  },
  "devDependencies": {
    "firebase-functions-test": "^0.2.0"
  },
  "private": true
}
[debug] [2022-03-04T15:17:36.106Z] Building nodejs source
[debug] [2022-03-04T15:17:36.106Z] Analyzing nodejs backend spec
[info] +  functions[us-central1-placesNearby]: http function initialized (http://localhost:5001/mealstogo-bbcf1/us-central1/placesNearby). {"metadata":{"emulator":{"name":"functions"},"message":"\u001b[1mhttp\u001b[22m function initialized (http://localhost:5001/mealstogo-bbcf1/us-central1/placesNearby)."}}
[debug] [2022-03-04T15:17:42.650Z] File C:\Users\rodri\mealstogo dev\MealsToGo\functions\places\index.js changed, reloading triggers {"metadata":{"emulator":{"name":"functions"},"message":"File C:\\Users\\rodri\\mealstogo dev\\MealsToGo\\functions\\places\\index.js changed, reloading triggers"}}
[debug] [2022-03-04T15:17:43.664Z] Validating nodejs source
[debug] [2022-03-04T15:17:45.874Z] > [functions] package.json contents: {
  "name": "functions",
  "description": "Cloud Functions for Firebase",
  "scripts": {
    "serve": "npx firebase emulators:start --only functions",
    "shell": "npx firebase functions:shell",
    "start": "npm run shell",
    "deploy": "firebase deploy --only functions",
    "logs": "firebase functions:log"
  },
  "engines": {
    "node": "14"
  },
  "main": "index.js",
  "dependencies": {
    "firebase-admin": "^10.0.2",
    "firebase-functions": "^3.18.0"
  },
  "devDependencies": {
    "firebase-functions-test": "^0.2.0"
  },
  "private": true
}
[debug] [2022-03-04T15:17:45.874Z] Building nodejs source
[debug] [2022-03-04T15:17:45.874Z] Analyzing nodejs backend spec
[debug] [2022-03-04T15:21:40.678Z] File C:\Users\rodri\mealstogo dev\MealsToGo\functions\places\mock\index.js changed, reloading triggers {"metadata":{"emulator":{"name":"functions"},"message":"File C:\\Users\\rodri\\mealstogo dev\\MealsToGo\\functions\\places\\mock\\index.js changed, reloading triggers"}}
[debug] [2022-03-04T15:21:41.685Z] Validating nodejs source
[debug] [2022-03-04T15:21:44.997Z] > [functions] package.json contents: {
  "name": "functions",
  "description": "Cloud Functions for Firebase",
  "scripts": {
    "serve": "npx firebase emulators:start --only functions",
    "shell": "npx firebase functions:shell",
    "start": "npm run shell",
    "deploy": "firebase deploy --only functions",
    "logs": "firebase functions:log"
  },
  "engines": {
    "node": "14"
  },
  "main": "index.js",
  "dependencies": {
    "firebase-admin": "^10.0.2",
    "firebase-functions": "^3.18.0"
  },
  "devDependencies": {
    "firebase-functions-test": "^0.2.0"
  },
  "private": true
}
[debug] [2022-03-04T15:21:44.997Z] Building nodejs source
[debug] [2022-03-04T15:21:44.997Z] Analyzing nodejs backend spec
[debug] [2022-03-04T15:21:54.898Z] File C:\Users\rodri\mealstogo dev\MealsToGo\functions\places\mock\index.js changed, reloading triggers {"metadata":{"emulator":{"name":"functions"},"message":"File C:\\Users\\rodri\\mealstogo dev\\MealsToGo\\functions\\places\\mock\\index.js changed, reloading triggers"}}
[debug] [2022-03-04T15:21:55.913Z] Validating nodejs source
[debug] [2022-03-04T15:21:59.171Z] > [functions] package.json contents: {
  "name": "functions",
  "description": "Cloud Functions for Firebase",
  "scripts": {
    "serve": "npx firebase emulators:start --only functions",
    "shell": "npx firebase functions:shell",
    "start": "npm run shell",
    "deploy": "firebase deploy --only functions",
    "logs": "firebase functions:log"
  },
  "engines": {
    "node": "14"
  },
  "main": "index.js",
  "dependencies": {
    "firebase-admin": "^10.0.2",
    "firebase-functions": "^3.18.0"
  },
  "devDependencies": {
    "firebase-functions-test": "^0.2.0"
  },
  "private": true
}
[debug] [2022-03-04T15:21:59.171Z] Building nodejs source
[debug] [2022-03-04T15:21:59.171Z] Analyzing nodejs backend spec
[debug] [2022-03-04T15:22:21.600Z] File C:\Users\rodri\mealstogo dev\MealsToGo\functions\places\mock\index.js changed, reloading triggers {"metadata":{"emulator":{"name":"functions"},"message":"File C:\\Users\\rodri\\mealstogo dev\\MealsToGo\\functions\\places\\mock\\index.js changed, reloading triggers"}}
[debug] [2022-03-04T15:22:22.612Z] Validating nodejs source
[debug] [2022-03-04T15:22:24.914Z] > [functions] package.json contents: {
  "name": "functions",
  "description": "Cloud Functions for Firebase",
  "scripts": {
    "serve": "npx firebase emulators:start --only functions",
    "shell": "npx firebase functions:shell",
    "start": "npm run shell",
    "deploy": "firebase deploy --only functions",
    "logs": "firebase functions:log"
  },
  "engines": {
    "node": "14"
  },
  "main": "index.js",
  "dependencies": {
    "firebase-admin": "^10.0.2",
    "firebase-functions": "^3.18.0"
  },
  "devDependencies": {
    "firebase-functions-test": "^0.2.0"
  },
  "private": true
}
[debug] [2022-03-04T15:22:24.914Z] Building nodejs source
[debug] [2022-03-04T15:22:24.914Z] Analyzing nodejs backend spec
[debug] [2022-03-04T15:22:28.481Z] File C:\Users\rodri\mealstogo dev\MealsToGo\functions\places\mock\index.js changed, reloading triggers {"metadata":{"emulator":{"name":"functions"},"message":"File C:\\Users\\rodri\\mealstogo dev\\MealsToGo\\functions\\places\\mock\\index.js changed, reloading triggers"}}
[debug] [2022-03-04T15:22:29.496Z] Validating nodejs source
[debug] [2022-03-04T15:22:31.949Z] > [functions] package.json contents: {
  "name": "functions",
  "description": "Cloud Functions for Firebase",
  "scripts": {
    "serve": "npx firebase emulators:start --only functions",
    "shell": "npx firebase functions:shell",
    "start": "npm run shell",
    "deploy": "firebase deploy --only functions",
    "logs": "firebase functions:log"
  },
  "engines": {
    "node": "14"
  },
  "main": "index.js",
  "dependencies": {
    "firebase-admin": "^10.0.2",
    "firebase-functions": "^3.18.0"
  },
  "devDependencies": {
    "firebase-functions-test": "^0.2.0"
  },
  "private": true
}
[debug] [2022-03-04T15:22:31.949Z] Building nodejs source
[debug] [2022-03-04T15:22:31.949Z] Analyzing nodejs backend spec
[debug] [2022-03-04T15:22:42.036Z] File C:\Users\rodri\mealstogo dev\MealsToGo\functions\places\mock\index.js changed, reloading triggers {"metadata":{"emulator":{"name":"functions"},"message":"File C:\\Users\\rodri\\mealstogo dev\\MealsToGo\\functions\\places\\mock\\index.js changed, reloading triggers"}}
[debug] [2022-03-04T15:22:43.048Z] Validating nodejs source
[debug] [2022-03-04T15:22:45.327Z] > [functions] package.json contents: {
  "name": "functions",
  "description": "Cloud Functions for Firebase",
  "scripts": {
    "serve": "npx firebase emulators:start --only functions",
    "shell": "npx firebase functions:shell",
    "start": "npm run shell",
    "deploy": "firebase deploy --only functions",
    "logs": "firebase functions:log"
  },
  "engines": {
    "node": "14"
  },
  "main": "index.js",
  "dependencies": {
    "firebase-admin": "^10.0.2",
    "firebase-functions": "^3.18.0"
  },
  "devDependencies": {
    "firebase-functions-test": "^0.2.0"
  },
  "private": true
}
[debug] [2022-03-04T15:22:45.327Z] Building nodejs source
[debug] [2022-03-04T15:22:45.327Z] Analyzing nodejs backend spec
[debug] [2022-03-04T15:23:58.014Z] File C:\Users\rodri\mealstogo dev\MealsToGo\functions\places\mock\chicago.js changed, reloading triggers {"metadata":{"emulator":{"name":"functions"},"message":"File C:\\Users\\rodri\\mealstogo dev\\MealsToGo\\functions\\places\\mock\\chicago.js changed, reloading triggers"}}
[debug] [2022-03-04T15:23:59.022Z] Validating nodejs source
[debug] [2022-03-04T15:24:01.315Z] > [functions] package.json contents: {
  "name": "functions",
  "description": "Cloud Functions for Firebase",
  "scripts": {
    "serve": "npx firebase emulators:start --only functions",
    "shell": "npx firebase functions:shell",
    "start": "npm run shell",
    "deploy": "firebase deploy --only functions",
    "logs": "firebase functions:log"
  },
  "engines": {
    "node": "14"
  },
  "main": "index.js",
  "dependencies": {
    "firebase-admin": "^10.0.2",
    "firebase-functions": "^3.18.0"
  },
  "devDependencies": {
    "firebase-functions-test": "^0.2.0"
  },
  "private": true
}
[debug] [2022-03-04T15:24:01.316Z] Building nodejs source
[debug] [2022-03-04T15:24:01.316Z] Analyzing nodejs backend spec
[debug] [2022-03-04T15:24:06.960Z] File C:\Users\rodri\mealstogo dev\MealsToGo\functions\places\mock\san_francisco.js changed, reloading triggers {"metadata":{"emulator":{"name":"functions"},"message":"File C:\\Users\\rodri\\mealstogo dev\\MealsToGo\\functions\\places\\mock\\san_francisco.js changed, reloading triggers"}}
[debug] [2022-03-04T15:24:07.974Z] Validating nodejs source
[debug] [2022-03-04T15:24:10.285Z] > [functions] package.json contents: {
  "name": "functions",
  "description": "Cloud Functions for Firebase",
  "scripts": {
    "serve": "npx firebase emulators:start --only functions",
    "shell": "npx firebase functions:shell",
    "start": "npm run shell",
    "deploy": "firebase deploy --only functions",
    "logs": "firebase functions:log"
  },
  "engines": {
    "node": "14"
  },
  "main": "index.js",
  "dependencies": {
    "firebase-admin": "^10.0.2",
    "firebase-functions": "^3.18.0"
  },
  "devDependencies": {
    "firebase-functions-test": "^0.2.0"
  },
  "private": true
}
[debug] [2022-03-04T15:24:10.285Z] Building nodejs source
[debug] [2022-03-04T15:24:10.285Z] Analyzing nodejs backend spec
[debug] [2022-03-04T15:24:15.368Z] File C:\Users\rodri\mealstogo dev\MealsToGo\functions\places\mock\toronto.js changed, reloading triggers {"metadata":{"emulator":{"name":"functions"},"message":"File C:\\Users\\rodri\\mealstogo dev\\MealsToGo\\functions\\places\\mock\\toronto.js changed, reloading triggers"}}
[debug] [2022-03-04T15:24:16.374Z] Validating nodejs source
[debug] [2022-03-04T15:24:18.754Z] > [functions] package.json contents: {
  "name": "functions",
  "description": "Cloud Functions for Firebase",
  "scripts": {
    "serve": "npx firebase emulators:start --only functions",
    "shell": "npx firebase functions:shell",
    "start": "npm run shell",
    "deploy": "firebase deploy --only functions",
    "logs": "firebase functions:log"
  },
  "engines": {
    "node": "14"
  },
  "main": "index.js",
  "dependencies": {
    "firebase-admin": "^10.0.2",
    "firebase-functions": "^3.18.0"
  },
  "devDependencies": {
    "firebase-functions-test": "^0.2.0"
  },
  "private": true
}
[debug] [2022-03-04T15:24:18.754Z] Building nodejs source
[debug] [2022-03-04T15:24:18.754Z] Analyzing nodejs backend spec
[debug] [2022-03-04T15:35:38.678Z] File C:\Users\rodri\mealstogo dev\MealsToGo\functions\places\mock\antwerp.js changed, reloading triggers {"metadata":{"emulator":{"name":"functions"},"message":"File C:\\Users\\rodri\\mealstogo dev\\MealsToGo\\functions\\places\\mock\\antwerp.js changed, reloading triggers"}}
[debug] [2022-03-04T15:35:39.685Z] Validating nodejs source
[debug] [2022-03-04T15:35:42.218Z] > [functions] package.json contents: {
  "name": "functions",
  "description": "Cloud Functions for Firebase",
  "scripts": {
    "serve": "npx firebase emulators:start --only functions",
    "shell": "npx firebase functions:shell",
    "start": "npm run shell",
    "deploy": "firebase deploy --only functions",
    "logs": "firebase functions:log"
  },
  "engines": {
    "node": "14"
  },
  "main": "index.js",
  "dependencies": {
    "firebase-admin": "^10.0.2",
    "firebase-functions": "^3.18.0"
  },
  "devDependencies": {
    "firebase-functions-test": "^0.2.0"
  },
  "private": true
}
[debug] [2022-03-04T15:35:42.218Z] Building nodejs source
[debug] [2022-03-04T15:35:42.218Z] Analyzing nodejs backend spec
